<?xml version="1.0" encoding="UTF-8"?>
<testng-results skipped="0" failed="0" total="3" passed="3">
  <reporter-output>
  </reporter-output>
  <suite name="Suite" duration-ms="6010" started-at="2017-11-04T19:22:20Z" finished-at="2017-11-04T19:22:26Z">
    <groups>
    </groups>
    <test name="ChromeTest" duration-ms="6010" started-at="2017-11-04T19:22:20Z" finished-at="2017-11-04T19:22:26Z">
      <class name="com.seleniumeasy.test.OpenBrowser">
        <test-method status="PASS" signature="openBrowser(java.lang.String)[pri:0, instance:com.seleniumeasy.test.OpenBrowser@192b07fd]" name="openBrowser" duration-ms="5988" started-at="2017-11-05T00:52:20Z" finished-at="2017-11-05T00:52:26Z">
          <params>
            <param index="0">
              <value>
                <![CDATA[ie]]>
              </value>
            </param>
          </params>
          <reporter-output>
          </reporter-output>
        </test-method> <!-- openBrowser -->
      </class> <!-- com.seleniumeasy.test.OpenBrowser -->
    </test> <!-- ChromeTest -->
    <test name="FirefoxTest" duration-ms="6008" started-at="2017-11-04T19:22:20Z" finished-at="2017-11-04T19:22:26Z">
      <class name="com.seleniumeasy.test.OpenBrowser">
        <test-method status="PASS" signature="openBrowser(java.lang.String)[pri:0, instance:com.seleniumeasy.test.OpenBrowser@4f7d0008]" name="openBrowser" duration-ms="5988" started-at="2017-11-05T00:52:20Z" finished-at="2017-11-05T00:52:26Z">
          <params>
            <param index="0">
              <value>
                <![CDATA[ie]]>
              </value>
            </param>
          </params>
          <reporter-output>
          </reporter-output>
        </test-method> <!-- openBrowser -->
      </class> <!-- com.seleniumeasy.test.OpenBrowser -->
    </test> <!-- FirefoxTest -->
    <test name="FireFoxTest" duration-ms="6010" started-at="2017-11-04T19:22:20Z" finished-at="2017-11-04T19:22:26Z">
      <class name="com.seleniumeasy.test.OpenBrowser">
        <test-method status="PASS" signature="openBrowser(java.lang.String)[pri:0, instance:com.seleniumeasy.test.OpenBrowser@6e1ec318]" name="openBrowser" duration-ms="5987" started-at="2017-11-05T00:52:20Z" finished-at="2017-11-05T00:52:26Z">
          <params>
            <param index="0">
              <value>
                <![CDATA[ie]]>
              </value>
            </param>
          </params>
          <reporter-output>
          </reporter-output>
        </test-method> <!-- openBrowser -->
      </class> <!-- com.seleniumeasy.test.OpenBrowser -->
    </test> <!-- FireFoxTest -->
  </suite> <!-- Suite -->
</testng-results>
